{"uid":"ee6e516a9398fa9d","name":"test_update_numeric_fields","fullName":"tests.ui.tests.test_port_setup#test_update_numeric_fields","historyId":"f2e7e9fdef23f294243cac926cd42d01","time":{"start":1770294106029,"stop":1770294106029,"duration":0},"status":"broken","statusMessage":"playwright._impl._errors.TargetClosedError: BrowserType.launch: Target page, context or browser has been closed\nBrowser logs:\n\n╔════════════════════════════════════════════════════════════════════════════════════════════════╗\n║ Looks like you launched a headed browser without having a XServer running.                     ║\n║ Set either 'headless: true' or use 'xvfb-run <your-playwright-app>' before running Playwright. ║\n║                                                                                                ║\n║ <3 Playwright Team                                                                             ║\n╚════════════════════════════════════════════════════════════════════════════════════════════════╝\nCall log:\n  - <launching> /home/runner/.cache/ms-playwright/chromium-1200/chrome-linux64/chrome --disable-field-trial-config --disable-background-networking --disable-background-timer-throttling --disable-backgrounding-occluded-windows --disable-back-forward-cache --disable-breakpad --disable-client-side-phishing-detection --disable-component-extensions-with-background-pages --disable-component-update --no-default-browser-check --disable-default-apps --disable-dev-shm-usage --disable-extensions --disable-features=AcceptCHFrame,AvoidUnnecessaryBeforeUnloadCheckSync,DestroyProfileOnBrowserClose,DialMediaRouteProvider,GlobalMediaControls,HttpsUpgrades,LensOverlay,MediaRouter,PaintHolding,ThirdPartyStoragePartitioning,Translate,AutoDeElevate,RenderDocument,OptimizationHints --enable-features=CDPScreenshotNewSurface --allow-pre-commit-input --disable-hang-monitor --disable-ipc-flooding-protection --disable-popup-blocking --disable-prompt-on-repost --disable-renderer-backgrounding --force-color-profile=srgb --metrics-recording-only --no-first-run --password-store=basic --use-mock-keychain --no-service-autorun --export-tagged-pdf --disable-search-engine-choice-screen --unsafely-disable-devtools-self-xss-warnings --edge-skip-compat-layer-relaunch --enable-automation --disable-infobars --disable-search-engine-choice-screen --disable-sync --no-sandbox --user-data-dir=/tmp/playwright_chromiumdev_profile-BJ34IA --remote-debugging-pipe --no-startup-window\n  - <launched> pid=5620\n  - [pid=5620][err] [5620:5620:0205/122146.091178:ERROR:ui/ozone/platform/x11/ozone_platform_x11.cc:259] Missing X server or $DISPLAY\n  - [pid=5620][err] [5620:5620:0205/122146.091217:ERROR:ui/aura/env.cc:257] The platform failed to initialize.  Exiting.\n  - [pid=5620] <gracefully close start>\n  - [pid=5620] <kill>\n  - [pid=5620] <will force kill>\n  - [pid=5620] <process did exit: exitCode=1, signal=null>\n  - [pid=5620] starting temporary directories cleanup\n  - [pid=5620] finished temporary directories cleanup\n  - [pid=5620] <gracefully close end>","statusTrace":"fixturedef = <FixtureDef argname='browser_page' scope='function' baseid='tests'>\nrequest = <SubRequest 'browser_page' for <Function test_update_numeric_fields>>\n\n    @pytest.hookimpl(wrapper=True)\n    def pytest_fixture_setup(fixturedef: FixtureDef, request) -> object | None:\n        asyncio_mode = _get_asyncio_mode(request.config)\n        if not _is_asyncio_fixture_function(fixturedef.func):\n            if asyncio_mode == Mode.STRICT:\n                # Ignore async fixtures without explicit asyncio mark in strict mode\n                # This applies to pytest_trio fixtures, for example\n>               return (yield)\n                        ^^^^^\n\n/opt/hostedtoolcache/Python/3.11.14/x64/lib/python3.11/site-packages/pytest_asyncio/plugin.py:728: \n_ _ _ _ _ _ _ _ _ _ _ _ _ _ _ _ _ _ _ _ _ _ _ _ _ _ _ _ _ _ _ _ _ _ _ _ _ _ _ _ \ntests/conftest.py:78: in browser_page\n    browser = getattr(playwright_instance, browser_name).launch(headless=False)\n              ^^^^^^^^^^^^^^^^^^^^^^^^^^^^^^^^^^^^^^^^^^^^^^^^^^^^^^^^^^^^^^^^^\n/opt/hostedtoolcache/Python/3.11.14/x64/lib/python3.11/site-packages/playwright/sync_api/_generated.py:14568: in launch\n    self._sync(\n/opt/hostedtoolcache/Python/3.11.14/x64/lib/python3.11/site-packages/playwright/_impl/_browser_type.py:98: in launch\n    await self._channel.send(\n/opt/hostedtoolcache/Python/3.11.14/x64/lib/python3.11/site-packages/playwright/_impl/_connection.py:69: in send\n    return await self._connection.wrap_api_call(\n_ _ _ _ _ _ _ _ _ _ _ _ _ _ _ _ _ _ _ _ _ _ _ _ _ _ _ _ _ _ _ _ _ _ _ _ _ _ _ _ \n\nself = <playwright._impl._connection.Connection object at 0x7fbb99444a90>\ncb = <function Channel.send.<locals>.<lambda> at 0x7fbb93b8ca40>\nis_internal = False, title = None\n\n    async def wrap_api_call(\n        self, cb: Callable[[], Any], is_internal: bool = False, title: str = None\n    ) -> Any:\n        if self._api_zone.get():\n            return await cb()\n        task = asyncio.current_task(self._loop)\n        st: List[inspect.FrameInfo] = getattr(\n            task, \"__pw_stack__\", None\n        ) or inspect.stack(0)\n    \n        parsed_st = _extract_stack_trace_information_from_stack(st, is_internal, title)\n        self._api_zone.set(parsed_st)\n        try:\n            return await cb()\n        except Exception as error:\n>           raise rewrite_error(error, f\"{parsed_st['apiName']}: {error}\") from None\nE           playwright._impl._errors.TargetClosedError: BrowserType.launch: Target page, context or browser has been closed\nE           Browser logs:\nE           \nE           ╔════════════════════════════════════════════════════════════════════════════════════════════════╗\nE           ║ Looks like you launched a headed browser without having a XServer running.                     ║\nE           ║ Set either 'headless: true' or use 'xvfb-run <your-playwright-app>' before running Playwright. ║\nE           ║                                                                                                ║\nE           ║ <3 Playwright Team                                                                             ║\nE           ╚════════════════════════════════════════════════════════════════════════════════════════════════╝\nE           Call log:\nE             - <launching> /home/runner/.cache/ms-playwright/chromium-1200/chrome-linux64/chrome --disable-field-trial-config --disable-background-networking --disable-background-timer-throttling --disable-backgrounding-occluded-windows --disable-back-forward-cache --disable-breakpad --disable-client-side-phishing-detection --disable-component-extensions-with-background-pages --disable-component-update --no-default-browser-check --disable-default-apps --disable-dev-shm-usage --disable-extensions --disable-features=AcceptCHFrame,AvoidUnnecessaryBeforeUnloadCheckSync,DestroyProfileOnBrowserClose,DialMediaRouteProvider,GlobalMediaControls,HttpsUpgrades,LensOverlay,MediaRouter,PaintHolding,ThirdPartyStoragePartitioning,Translate,AutoDeElevate,RenderDocument,OptimizationHints --enable-features=CDPScreenshotNewSurface --allow-pre-commit-input --disable-hang-monitor --disable-ipc-flooding-protection --disable-popup-blocking --disable-prompt-on-repost --disable-renderer-backgrounding --force-color-profile=srgb --metrics-recording-only --no-first-run --password-store=basic --use-mock-keychain --no-service-autorun --export-tagged-pdf --disable-search-engine-choice-screen --unsafely-disable-devtools-self-xss-warnings --edge-skip-compat-layer-relaunch --enable-automation --disable-infobars --disable-search-engine-choice-screen --disable-sync --no-sandbox --user-data-dir=/tmp/playwright_chromiumdev_profile-BJ34IA --remote-debugging-pipe --no-startup-window\nE             - <launched> pid=5620\nE             - [pid=5620][err] [5620:5620:0205/122146.091178:ERROR:ui/ozone/platform/x11/ozone_platform_x11.cc:259] Missing X server or $DISPLAY\nE             - [pid=5620][err] [5620:5620:0205/122146.091217:ERROR:ui/aura/env.cc:257] The platform failed to initialize.  Exiting.\nE             - [pid=5620] <gracefully close start>\nE             - [pid=5620] <kill>\nE             - [pid=5620] <will force kill>\nE             - [pid=5620] <process did exit: exitCode=1, signal=null>\nE             - [pid=5620] starting temporary directories cleanup\nE             - [pid=5620] finished temporary directories cleanup\nE             - [pid=5620] <gracefully close end>\n\n/opt/hostedtoolcache/Python/3.11.14/x64/lib/python3.11/site-packages/playwright/_impl/_connection.py:559: TargetClosedError","flaky":false,"newFailed":false,"newBroken":false,"newPassed":false,"retriesCount":0,"retriesStatusChange":false,"beforeStages":[{"name":"event_loop_policy","time":{"start":1770294104879,"stop":1770294104879,"duration":0},"status":"passed","steps":[],"attachments":[],"parameters":[],"shouldDisplayMessage":false,"stepsCount":0,"attachmentsCount":0,"hasContent":false,"attachmentStep":false},{"name":"config","time":{"start":1770294104879,"stop":1770294104880,"duration":1},"status":"passed","steps":[],"attachments":[],"parameters":[],"shouldDisplayMessage":false,"stepsCount":0,"attachmentsCount":0,"hasContent":false,"attachmentStep":false},{"name":"base_url","time":{"start":1770294104880,"stop":1770294104880,"duration":0},"status":"passed","steps":[],"attachments":[],"parameters":[],"shouldDisplayMessage":false,"stepsCount":0,"attachmentsCount":0,"hasContent":false,"attachmentStep":false},{"name":"playwright_instance","time":{"start":1770294104880,"stop":1770294105155,"duration":275},"status":"passed","steps":[],"attachments":[],"parameters":[],"shouldDisplayMessage":false,"stepsCount":0,"attachmentsCount":0,"hasContent":false,"attachmentStep":false},{"name":"browser_page","time":{"start":1770294106029,"stop":1770294106102,"duration":73},"status":"broken","statusMessage":"playwright._impl._errors.TargetClosedError: BrowserType.launch: Target page, context or browser has been closed\nBrowser logs:\n\n╔════════════════════════════════════════════════════════════════════════════════════════════════╗\n║ Looks like you launched a headed browser without having a XServer running.                     ║\n║ Set either 'headless: true' or use 'xvfb-run <your-playwright-app>' before running Playwright. ║\n║                                                                                                ║\n║ <3 Playwright Team                                                                             ║\n╚════════════════════════════════════════════════════════════════════════════════════════════════╝\nCall log:\n  - <launching> /home/runner/.cache/ms-playwright/chromium-1200/chrome-linux64/chrome --disable-field-trial-config --disable-background-networking --disable-background-timer-throttling --disable-backgrounding-occluded-windows --disable-back-forward-cache --disable-breakpad --disable-client-side-phishing-detection --disable-component-extensions-with-background-pages --disable-component-update --no-default-browser-check --disable-default-apps --disable-dev-shm-usage --disable-extensions --disable-features=AcceptCHFrame,AvoidUnnecessaryBeforeUnloadCheckSync,DestroyProfileOnBrowserClose,DialMediaRouteProvider,GlobalMediaControls,HttpsUpgrades,LensOverlay,MediaRouter,PaintHolding,ThirdPartyStoragePartitioning,Translate,AutoDeElevate,RenderDocument,OptimizationHints --enable-features=CDPScreenshotNewSurface --allow-pre-commit-input --disable-hang-monitor --disable-ipc-flooding-protection --disable-popup-blocking --disable-prompt-on-repost --disable-renderer-backgrounding --force-color-profile=srgb --metrics-recording-only --no-first-run --password-store=basic --use-mock-keychain --no-service-autorun --export-tagged-pdf --disable-search-engine-choice-screen --unsafely-disable-devtools-self-xss-warnings --edge-skip-compat-layer-relaunch --enable-automation --disable-infobars --disable-search-engine-choice-screen --disable-sync --no-sandbox --user-data-dir=/tmp/playwright_chromiumdev_profile-BJ34IA --remote-debugging-pipe --no-startup-window\n  - <launched> pid=5620\n  - [pid=5620][err] [5620:5620:0205/122146.091178:ERROR:ui/ozone/platform/x11/ozone_platform_x11.cc:259] Missing X server or $DISPLAY\n  - [pid=5620][err] [5620:5620:0205/122146.091217:ERROR:ui/aura/env.cc:257] The platform failed to initialize.  Exiting.\n  - [pid=5620] <gracefully close start>\n  - [pid=5620] <kill>\n  - [pid=5620] <will force kill>\n  - [pid=5620] <process did exit: exitCode=1, signal=null>\n  - [pid=5620] starting temporary directories cleanup\n  - [pid=5620] finished temporary directories cleanup\n  - [pid=5620] <gracefully close end>\n\n","statusTrace":"  File \"/opt/hostedtoolcache/Python/3.11.14/x64/lib/python3.11/site-packages/pluggy/_callers.py\", line 38, in run_old_style_hookwrapper\n    res = yield\n          ^^^^^\n  File \"/opt/hostedtoolcache/Python/3.11.14/x64/lib/python3.11/site-packages/pluggy/_callers.py\", line 139, in _multicall\n    teardown.throw(exception)\n  File \"/opt/hostedtoolcache/Python/3.11.14/x64/lib/python3.11/site-packages/pytest_asyncio/plugin.py\", line 728, in pytest_fixture_setup\n    return (yield)\n            ^^^^^\n  File \"/opt/hostedtoolcache/Python/3.11.14/x64/lib/python3.11/site-packages/pluggy/_callers.py\", line 139, in _multicall\n    teardown.throw(exception)\n  File \"/opt/hostedtoolcache/Python/3.11.14/x64/lib/python3.11/site-packages/_pytest/setuponly.py\", line 36, in pytest_fixture_setup\n    return (yield)\n            ^^^^^\n  File \"/opt/hostedtoolcache/Python/3.11.14/x64/lib/python3.11/site-packages/pluggy/_callers.py\", line 121, in _multicall\n    res = hook_impl.function(*args)\n          ^^^^^^^^^^^^^^^^^^^^^^^^^\n  File \"/opt/hostedtoolcache/Python/3.11.14/x64/lib/python3.11/site-packages/_pytest/fixtures.py\", line 1202, in pytest_fixture_setup\n    result = call_fixture_func(fixturefunc, request, kwargs)\n             ^^^^^^^^^^^^^^^^^^^^^^^^^^^^^^^^^^^^^^^^^^^^^^^\n  File \"/opt/hostedtoolcache/Python/3.11.14/x64/lib/python3.11/site-packages/_pytest/fixtures.py\", line 908, in call_fixture_func\n    fixture_result = next(generator)\n                     ^^^^^^^^^^^^^^^\n  File \"/home/runner/work/container-balancer-test-automation/container-balancer-test-automation/container-balancer-test-automation/tests/conftest.py\", line 78, in browser_page\n    browser = getattr(playwright_instance, browser_name).launch(headless=False)\n              ^^^^^^^^^^^^^^^^^^^^^^^^^^^^^^^^^^^^^^^^^^^^^^^^^^^^^^^^^^^^^^^^^\n  File \"/opt/hostedtoolcache/Python/3.11.14/x64/lib/python3.11/site-packages/playwright/sync_api/_generated.py\", line 14568, in launch\n    self._sync(\n  File \"/opt/hostedtoolcache/Python/3.11.14/x64/lib/python3.11/site-packages/playwright/_impl/_sync_base.py\", line 115, in _sync\n    return task.result()\n           ^^^^^^^^^^^^^\n  File \"/opt/hostedtoolcache/Python/3.11.14/x64/lib/python3.11/site-packages/playwright/_impl/_browser_type.py\", line 98, in launch\n    await self._channel.send(\n  File \"/opt/hostedtoolcache/Python/3.11.14/x64/lib/python3.11/site-packages/playwright/_impl/_connection.py\", line 69, in send\n    return await self._connection.wrap_api_call(\n           ^^^^^^^^^^^^^^^^^^^^^^^^^^^^^^^^^^^^^\n  File \"/opt/hostedtoolcache/Python/3.11.14/x64/lib/python3.11/site-packages/playwright/_impl/_connection.py\", line 559, in wrap_api_call\n    raise rewrite_error(error, f\"{parsed_st['apiName']}: {error}\") from None\n","steps":[],"attachments":[],"parameters":[],"shouldDisplayMessage":true,"stepsCount":0,"attachmentsCount":0,"hasContent":true,"attachmentStep":false}],"afterStages":[{"name":"playwright_instance::0","time":{"start":1770294106643,"stop":1770294106651,"duration":8},"status":"passed","steps":[],"attachments":[],"parameters":[],"shouldDisplayMessage":false,"stepsCount":0,"attachmentsCount":0,"hasContent":false,"attachmentStep":false}],"labels":[{"name":"parentSuite","value":"tests.ui.tests"},{"name":"suite","value":"test_port_setup"},{"name":"host","value":"runnervmkj6or"},{"name":"thread","value":"5522-MainThread"},{"name":"framework","value":"pytest"},{"name":"language","value":"cpython3"},{"name":"package","value":"tests.ui.tests.test_port_setup"},{"name":"resultFormat","value":"allure2"}],"parameters":[],"links":[],"hidden":false,"retry":false,"extra":{"severity":"normal","retries":[],"categories":[{"name":"Test defects","matchedStatuses":[],"flaky":false}],"history":{"statistic":{"failed":11,"broken":11,"skipped":0,"passed":10,"unknown":0,"total":32},"items":[{"uid":"b7a0422783a10667","reportUrl":"https://ynp-me.github.io/container-balancer-test-automation/allure-report//#testresult/b7a0422783a10667","status":"broken","statusDetails":"playwright._impl._errors.Error: It looks like you are using Playwright Sync API inside the asyncio loop.\nPlease use the Async API instead.","time":{"start":1770252345309,"stop":1770252345309,"duration":0}},{"uid":"ab0cd714f2771055","reportUrl":"https://ynp-me.github.io/container-balancer-test-automation/allure-report//#testresult/ab0cd714f2771055","status":"broken","statusDetails":"playwright._impl._errors.Error: It looks like you are using Playwright Sync API inside the asyncio loop.\nPlease use the Async API instead.","time":{"start":1770251795568,"stop":1770251795568,"duration":0}},{"uid":"9ec327d1492df883","reportUrl":"https://ynp-me.github.io/container-balancer-test-automation/allure-report//#testresult/9ec327d1492df883","status":"broken","statusDetails":"playwright._impl._errors.Error: It looks like you are using Playwright Sync API inside the asyncio loop.\nPlease use the Async API instead.","time":{"start":1770249509505,"stop":1770249509505,"duration":0}},{"uid":"9fa7ffacc802d765","reportUrl":"https://ynp-me.github.io/container-balancer-test-automation/allure-report//#testresult/9fa7ffacc802d765","status":"broken","statusDetails":"playwright._impl._errors.Error: It looks like you are using Playwright Sync API inside the asyncio loop.\nPlease use the Async API instead.","time":{"start":1770248193413,"stop":1770248193413,"duration":0}},{"uid":"d283322f9b480b7d","reportUrl":"https://ynp-me.github.io/container-balancer-test-automation/allure-report//#testresult/d283322f9b480b7d","status":"passed","time":{"start":1770230870485,"stop":1770230885160,"duration":14675}},{"uid":"f8e62cc184f717af","reportUrl":"https://ynp-me.github.io/container-balancer-test-automation/allure-report//#testresult/f8e62cc184f717af","status":"passed","time":{"start":1770228940402,"stop":1770228955136,"duration":14734}},{"uid":"70abfef5ccaa2256","reportUrl":"https://ynp-me.github.io/container-balancer-test-automation/allure-report//#testresult/70abfef5ccaa2256","status":"passed","time":{"start":1770225303637,"stop":1770225324223,"duration":20586}},{"uid":"67a13d000230409c","reportUrl":"https://ynp-me.github.io/container-balancer-test-automation/allure-report//#testresult/67a13d000230409c","status":"passed","time":{"start":1770223010410,"stop":1770223025144,"duration":14734}},{"uid":"8712b75b5a2fa76a","reportUrl":"https://ynp-me.github.io/container-balancer-test-automation/allure-report//#testresult/8712b75b5a2fa76a","status":"passed","time":{"start":1770216765517,"stop":1770216780795,"duration":15278}},{"uid":"ca5eebc45ecf3c71","reportUrl":"https://ynp-me.github.io/container-balancer-test-automation/allure-report//#testresult/ca5eebc45ecf3c71","status":"passed","time":{"start":1770216488211,"stop":1770216502800,"duration":14589}},{"uid":"e90d3fb1a450fb5a","reportUrl":"https://ynp-me.github.io/container-balancer-test-automation/allure-report//#testresult/e90d3fb1a450fb5a","status":"passed","time":{"start":1770215555844,"stop":1770215570564,"duration":14720}},{"uid":"19820a7d9ddc341f","reportUrl":"https://ynp-me.github.io/container-balancer-test-automation/allure-report//#testresult/19820a7d9ddc341f","status":"passed","time":{"start":1770214871910,"stop":1770214887093,"duration":15183}},{"uid":"46523eca5f354de0","reportUrl":"https://ynp-me.github.io/container-balancer-test-automation/allure-report//#testresult/46523eca5f354de0","status":"passed","time":{"start":1770214699726,"stop":1770214715346,"duration":15620}},{"uid":"14ac2483b3db6242","reportUrl":"https://ynp-me.github.io/container-balancer-test-automation/allure-report//#testresult/14ac2483b3db6242","status":"passed","time":{"start":1770214033157,"stop":1770214048333,"duration":15176}},{"uid":"4f7b2c086a67d43","reportUrl":"https://ynp-me.github.io/container-balancer-test-automation/allure-report//#testresult/4f7b2c086a67d43","status":"broken","statusDetails":"playwright._impl._errors.TimeoutError: Locator.click: Timeout 30000ms exceeded.\nCall log:\n  - waiting for get_by_role(\"button\", name=\"Save Changes\").first\n    - locator resolved to <button type=\"button\" class=\"flex w-full items-center justify-center gap-1.5 rounded-lg border px-4 font-bold py-[9px] text-base bg-brand-500 border-brand-500 text-white cursor-pointer\">Save Changes </button>\n  - attempting click action\n    2 × waiting for element to be visible, enabled and stable\n      - element is visible, enabled and stable\n      - scrolling into view if needed\n      - done scrolling\n      - <div class=\"absolute inset-y-0 left-0 flex items-center justify-center\">…</div> intercepts pointer events\n    - retrying click action\n    - waiting 20ms\n    2 × waiting for element to be visible, enabled and stable\n      - element is visible, enabled and stable\n      - scrolling into view if needed\n      - done scrolling\n      - <div class=\"absolute inset-y-0 left-0 flex items-center justify-center\">…</div> intercepts pointer events\n    - retrying click action\n      - waiting 100ms\n    58 × waiting for element to be visible, enabled and stable\n       - element is visible, enabled and stable\n       - scrolling into view if needed\n       - done scrolling\n       - <div class=\"absolute inset-y-0 left-0 flex items-center justify-center\">…</div> intercepts pointer events\n     - retrying click action\n       - waiting 500ms","time":{"start":1770213053587,"stop":1770213083732,"duration":30145}},{"uid":"3723b34d4c44cd83","reportUrl":"https://ynp-me.github.io/container-balancer-test-automation/allure-report//#testresult/3723b34d4c44cd83","status":"broken","statusDetails":"playwright._impl._errors.TimeoutError: Locator.click: Timeout 30000ms exceeded.\nCall log:\n  - waiting for get_by_role(\"button\", name=\"Save Changes\").first\n    - locator resolved to <button type=\"button\" class=\"flex w-full items-center justify-center gap-1.5 rounded-lg border px-4 font-bold py-[9px] text-base bg-brand-500 border-brand-500 text-white cursor-pointer\">Save Changes </button>\n  - attempting click action\n    2 × waiting for element to be visible, enabled and stable\n      - element is visible, enabled and stable\n      - scrolling into view if needed\n      - done scrolling\n      - <div class=\"absolute inset-y-0 left-0 flex items-center justify-center\">…</div> intercepts pointer events\n    - retrying click action\n    - waiting 20ms\n    2 × waiting for element to be visible, enabled and stable\n      - element is visible, enabled and stable\n      - scrolling into view if needed\n      - done scrolling\n      - <div class=\"absolute inset-y-0 left-0 flex items-center justify-center\">…</div> intercepts pointer events\n    - retrying click action\n      - waiting 100ms\n    58 × waiting for element to be visible, enabled and stable\n       - element is visible, enabled and stable\n       - scrolling into view if needed\n       - done scrolling\n       - <div class=\"absolute inset-y-0 left-0 flex items-center justify-center\">…</div> intercepts pointer events\n     - retrying click action\n       - waiting 500ms","time":{"start":1770212430949,"stop":1770212461096,"duration":30147}},{"uid":"aff50026b010fbf5","reportUrl":"https://ynp-me.github.io/container-balancer-test-automation/allure-report//#testresult/aff50026b010fbf5","status":"failed","statusDetails":"AssertionError: Locator expected to be visible\nActual value: None\nError: element(s) not found \nCall log:\n  - Expect \"to_be_visible\" with timeout 5000ms\n  - waiting for locator(\"input[type='number'][inputmode='decimal']\").first","time":{"start":1770211236589,"stop":1770211241592,"duration":5003}},{"uid":"d4ff29d45820ff07","reportUrl":"https://ynp-me.github.io/container-balancer-test-automation/allure-report//#testresult/d4ff29d45820ff07","status":"failed","statusDetails":"AssertionError: Locator expected to be visible\nActual value: None\nError: element(s) not found \nCall log:\n  - Expect \"to_be_visible\" with timeout 5000ms\n  - waiting for locator(\"input[type='number'][inputmode='decimal']\").first","time":{"start":1770210579259,"stop":1770210584261,"duration":5002}},{"uid":"b1ecf68e6161e609","reportUrl":"https://ynp-me.github.io/container-balancer-test-automation/allure-report//#testresult/b1ecf68e6161e609","status":"failed","statusDetails":"AssertionError: Locator expected to be visible\nActual value: None\nError: element(s) not found \nCall log:\n  - Expect \"to_be_visible\" with timeout 5000ms\n  - waiting for locator(\"input[type='number'][inputmode='decimal']\").first","time":{"start":1770210331099,"stop":1770210336103,"duration":5004}},{"uid":"d31d14f12df329fc","reportUrl":"https://ynp-me.github.io/container-balancer-test-automation/allure-report//#testresult/d31d14f12df329fc","status":"broken","statusDetails":"playwright._impl._errors.TimeoutError: Locator.click: Timeout 30000ms exceeded.\nCall log:\n  - waiting for get_by_role(\"button\", name=\"Save Changes\").first\n    - locator resolved to <button type=\"button\" class=\"flex w-full items-center justify-center gap-1.5 rounded-lg border px-4 font-bold py-[9px] text-base bg-brand-500 border-brand-500 text-white cursor-pointer\">Save Changes </button>\n  - attempting click action\n    2 × waiting for element to be visible, enabled and stable\n      - element is visible, enabled and stable\n      - scrolling into view if needed\n      - done scrolling\n      - <div class=\"absolute inset-y-0 left-0 flex items-center justify-center\">…</div> intercepts pointer events\n    - retrying click action\n    - waiting 20ms\n    2 × waiting for element to be visible, enabled and stable\n      - element is visible, enabled and stable\n      - scrolling into view if needed\n      - done scrolling\n      - <div class=\"absolute inset-y-0 left-0 flex items-center justify-center\">…</div> intercepts pointer events\n    - retrying click action\n      - waiting 100ms\n    58 × waiting for element to be visible, enabled and stable\n       - element is visible, enabled and stable\n       - scrolling into view if needed\n       - done scrolling\n       - <div class=\"absolute inset-y-0 left-0 flex items-center justify-center\">…</div> intercepts pointer events\n     - retrying click action\n       - waiting 500ms","time":{"start":1770209901293,"stop":1770209931442,"duration":30149}}]},"tags":[]},"source":"ee6e516a9398fa9d.json","parameterValues":[]}