{"uid":"570f11382a1d2d07","name":"test_cancel_button","fullName":"tests.ui.tests.test_port_setup#test_cancel_button","historyId":"58ed37c345ca2d9b12556dd32f884212","time":{"start":1770294106243,"stop":1770294106243,"duration":0},"status":"broken","statusMessage":"playwright._impl._errors.TargetClosedError: BrowserType.launch: Target page, context or browser has been closed\nBrowser logs:\n\n╔════════════════════════════════════════════════════════════════════════════════════════════════╗\n║ Looks like you launched a headed browser without having a XServer running.                     ║\n║ Set either 'headless: true' or use 'xvfb-run <your-playwright-app>' before running Playwright. ║\n║                                                                                                ║\n║ <3 Playwright Team                                                                             ║\n╚════════════════════════════════════════════════════════════════════════════════════════════════╝\nCall log:\n  - <launching> /home/runner/.cache/ms-playwright/chromium-1200/chrome-linux64/chrome --disable-field-trial-config --disable-background-networking --disable-background-timer-throttling --disable-backgrounding-occluded-windows --disable-back-forward-cache --disable-breakpad --disable-client-side-phishing-detection --disable-component-extensions-with-background-pages --disable-component-update --no-default-browser-check --disable-default-apps --disable-dev-shm-usage --disable-extensions --disable-features=AcceptCHFrame,AvoidUnnecessaryBeforeUnloadCheckSync,DestroyProfileOnBrowserClose,DialMediaRouteProvider,GlobalMediaControls,HttpsUpgrades,LensOverlay,MediaRouter,PaintHolding,ThirdPartyStoragePartitioning,Translate,AutoDeElevate,RenderDocument,OptimizationHints --enable-features=CDPScreenshotNewSurface --allow-pre-commit-input --disable-hang-monitor --disable-ipc-flooding-protection --disable-popup-blocking --disable-prompt-on-repost --disable-renderer-backgrounding --force-color-profile=srgb --metrics-recording-only --no-first-run --password-store=basic --use-mock-keychain --no-service-autorun --export-tagged-pdf --disable-search-engine-choice-screen --unsafely-disable-devtools-self-xss-warnings --edge-skip-compat-layer-relaunch --enable-automation --disable-infobars --disable-search-engine-choice-screen --disable-sync --no-sandbox --user-data-dir=/tmp/playwright_chromiumdev_profile-bYSTXe --remote-debugging-pipe --no-startup-window\n  - <launched> pid=5641\n  - [pid=5641][err] [5641:5641:0205/122146.304221:ERROR:ui/ozone/platform/x11/ozone_platform_x11.cc:259] Missing X server or $DISPLAY\n  - [pid=5641][err] [5641:5641:0205/122146.304261:ERROR:ui/aura/env.cc:257] The platform failed to initialize.  Exiting.\n  - [pid=5641] <gracefully close start>\n  - [pid=5641] <kill>\n  - [pid=5641] <will force kill>\n  - [pid=5641] <process did exit: exitCode=1, signal=null>\n  - [pid=5641] starting temporary directories cleanup\n  - [pid=5641] finished temporary directories cleanup\n  - [pid=5641] <gracefully close end>","statusTrace":"fixturedef = <FixtureDef argname='browser_page' scope='function' baseid='tests'>\nrequest = <SubRequest 'browser_page' for <Function test_cancel_button>>\n\n    @pytest.hookimpl(wrapper=True)\n    def pytest_fixture_setup(fixturedef: FixtureDef, request) -> object | None:\n        asyncio_mode = _get_asyncio_mode(request.config)\n        if not _is_asyncio_fixture_function(fixturedef.func):\n            if asyncio_mode == Mode.STRICT:\n                # Ignore async fixtures without explicit asyncio mark in strict mode\n                # This applies to pytest_trio fixtures, for example\n>               return (yield)\n                        ^^^^^\n\n/opt/hostedtoolcache/Python/3.11.14/x64/lib/python3.11/site-packages/pytest_asyncio/plugin.py:728: \n_ _ _ _ _ _ _ _ _ _ _ _ _ _ _ _ _ _ _ _ _ _ _ _ _ _ _ _ _ _ _ _ _ _ _ _ _ _ _ _ \ntests/conftest.py:78: in browser_page\n    browser = getattr(playwright_instance, browser_name).launch(headless=False)\n              ^^^^^^^^^^^^^^^^^^^^^^^^^^^^^^^^^^^^^^^^^^^^^^^^^^^^^^^^^^^^^^^^^\n/opt/hostedtoolcache/Python/3.11.14/x64/lib/python3.11/site-packages/playwright/sync_api/_generated.py:14568: in launch\n    self._sync(\n/opt/hostedtoolcache/Python/3.11.14/x64/lib/python3.11/site-packages/playwright/_impl/_browser_type.py:98: in launch\n    await self._channel.send(\n/opt/hostedtoolcache/Python/3.11.14/x64/lib/python3.11/site-packages/playwright/_impl/_connection.py:69: in send\n    return await self._connection.wrap_api_call(\n_ _ _ _ _ _ _ _ _ _ _ _ _ _ _ _ _ _ _ _ _ _ _ _ _ _ _ _ _ _ _ _ _ _ _ _ _ _ _ _ \n\nself = <playwright._impl._connection.Connection object at 0x7fbb99444a90>\ncb = <function Channel.send.<locals>.<lambda> at 0x7fbb9811f7e0>\nis_internal = False, title = None\n\n    async def wrap_api_call(\n        self, cb: Callable[[], Any], is_internal: bool = False, title: str = None\n    ) -> Any:\n        if self._api_zone.get():\n            return await cb()\n        task = asyncio.current_task(self._loop)\n        st: List[inspect.FrameInfo] = getattr(\n            task, \"__pw_stack__\", None\n        ) or inspect.stack(0)\n    \n        parsed_st = _extract_stack_trace_information_from_stack(st, is_internal, title)\n        self._api_zone.set(parsed_st)\n        try:\n            return await cb()\n        except Exception as error:\n>           raise rewrite_error(error, f\"{parsed_st['apiName']}: {error}\") from None\nE           playwright._impl._errors.TargetClosedError: BrowserType.launch: Target page, context or browser has been closed\nE           Browser logs:\nE           \nE           ╔════════════════════════════════════════════════════════════════════════════════════════════════╗\nE           ║ Looks like you launched a headed browser without having a XServer running.                     ║\nE           ║ Set either 'headless: true' or use 'xvfb-run <your-playwright-app>' before running Playwright. ║\nE           ║                                                                                                ║\nE           ║ <3 Playwright Team                                                                             ║\nE           ╚════════════════════════════════════════════════════════════════════════════════════════════════╝\nE           Call log:\nE             - <launching> /home/runner/.cache/ms-playwright/chromium-1200/chrome-linux64/chrome --disable-field-trial-config --disable-background-networking --disable-background-timer-throttling --disable-backgrounding-occluded-windows --disable-back-forward-cache --disable-breakpad --disable-client-side-phishing-detection --disable-component-extensions-with-background-pages --disable-component-update --no-default-browser-check --disable-default-apps --disable-dev-shm-usage --disable-extensions --disable-features=AcceptCHFrame,AvoidUnnecessaryBeforeUnloadCheckSync,DestroyProfileOnBrowserClose,DialMediaRouteProvider,GlobalMediaControls,HttpsUpgrades,LensOverlay,MediaRouter,PaintHolding,ThirdPartyStoragePartitioning,Translate,AutoDeElevate,RenderDocument,OptimizationHints --enable-features=CDPScreenshotNewSurface --allow-pre-commit-input --disable-hang-monitor --disable-ipc-flooding-protection --disable-popup-blocking --disable-prompt-on-repost --disable-renderer-backgrounding --force-color-profile=srgb --metrics-recording-only --no-first-run --password-store=basic --use-mock-keychain --no-service-autorun --export-tagged-pdf --disable-search-engine-choice-screen --unsafely-disable-devtools-self-xss-warnings --edge-skip-compat-layer-relaunch --enable-automation --disable-infobars --disable-search-engine-choice-screen --disable-sync --no-sandbox --user-data-dir=/tmp/playwright_chromiumdev_profile-bYSTXe --remote-debugging-pipe --no-startup-window\nE             - <launched> pid=5641\nE             - [pid=5641][err] [5641:5641:0205/122146.304221:ERROR:ui/ozone/platform/x11/ozone_platform_x11.cc:259] Missing X server or $DISPLAY\nE             - [pid=5641][err] [5641:5641:0205/122146.304261:ERROR:ui/aura/env.cc:257] The platform failed to initialize.  Exiting.\nE             - [pid=5641] <gracefully close start>\nE             - [pid=5641] <kill>\nE             - [pid=5641] <will force kill>\nE             - [pid=5641] <process did exit: exitCode=1, signal=null>\nE             - [pid=5641] starting temporary directories cleanup\nE             - [pid=5641] finished temporary directories cleanup\nE             - [pid=5641] <gracefully close end>\n\n/opt/hostedtoolcache/Python/3.11.14/x64/lib/python3.11/site-packages/playwright/_impl/_connection.py:559: TargetClosedError","flaky":false,"newFailed":false,"newBroken":false,"newPassed":false,"retriesCount":0,"retriesStatusChange":false,"beforeStages":[{"name":"event_loop_policy","time":{"start":1770294104879,"stop":1770294104879,"duration":0},"status":"passed","steps":[],"attachments":[],"parameters":[],"shouldDisplayMessage":false,"stepsCount":0,"attachmentsCount":0,"hasContent":false,"attachmentStep":false},{"name":"config","time":{"start":1770294104879,"stop":1770294104880,"duration":1},"status":"passed","steps":[],"attachments":[],"parameters":[],"shouldDisplayMessage":false,"stepsCount":0,"attachmentsCount":0,"hasContent":false,"attachmentStep":false},{"name":"base_url","time":{"start":1770294104880,"stop":1770294104880,"duration":0},"status":"passed","steps":[],"attachments":[],"parameters":[],"shouldDisplayMessage":false,"stepsCount":0,"attachmentsCount":0,"hasContent":false,"attachmentStep":false},{"name":"playwright_instance","time":{"start":1770294104880,"stop":1770294105155,"duration":275},"status":"passed","steps":[],"attachments":[],"parameters":[],"shouldDisplayMessage":false,"stepsCount":0,"attachmentsCount":0,"hasContent":false,"attachmentStep":false},{"name":"browser_page","time":{"start":1770294106243,"stop":1770294106315,"duration":72},"status":"broken","statusMessage":"playwright._impl._errors.TargetClosedError: BrowserType.launch: Target page, context or browser has been closed\nBrowser logs:\n\n╔════════════════════════════════════════════════════════════════════════════════════════════════╗\n║ Looks like you launched a headed browser without having a XServer running.                     ║\n║ Set either 'headless: true' or use 'xvfb-run <your-playwright-app>' before running Playwright. ║\n║                                                                                                ║\n║ <3 Playwright Team                                                                             ║\n╚════════════════════════════════════════════════════════════════════════════════════════════════╝\nCall log:\n  - <launching> /home/runner/.cache/ms-playwright/chromium-1200/chrome-linux64/chrome --disable-field-trial-config --disable-background-networking --disable-background-timer-throttling --disable-backgrounding-occluded-windows --disable-back-forward-cache --disable-breakpad --disable-client-side-phishing-detection --disable-component-extensions-with-background-pages --disable-component-update --no-default-browser-check --disable-default-apps --disable-dev-shm-usage --disable-extensions --disable-features=AcceptCHFrame,AvoidUnnecessaryBeforeUnloadCheckSync,DestroyProfileOnBrowserClose,DialMediaRouteProvider,GlobalMediaControls,HttpsUpgrades,LensOverlay,MediaRouter,PaintHolding,ThirdPartyStoragePartitioning,Translate,AutoDeElevate,RenderDocument,OptimizationHints --enable-features=CDPScreenshotNewSurface --allow-pre-commit-input --disable-hang-monitor --disable-ipc-flooding-protection --disable-popup-blocking --disable-prompt-on-repost --disable-renderer-backgrounding --force-color-profile=srgb --metrics-recording-only --no-first-run --password-store=basic --use-mock-keychain --no-service-autorun --export-tagged-pdf --disable-search-engine-choice-screen --unsafely-disable-devtools-self-xss-warnings --edge-skip-compat-layer-relaunch --enable-automation --disable-infobars --disable-search-engine-choice-screen --disable-sync --no-sandbox --user-data-dir=/tmp/playwright_chromiumdev_profile-bYSTXe --remote-debugging-pipe --no-startup-window\n  - <launched> pid=5641\n  - [pid=5641][err] [5641:5641:0205/122146.304221:ERROR:ui/ozone/platform/x11/ozone_platform_x11.cc:259] Missing X server or $DISPLAY\n  - [pid=5641][err] [5641:5641:0205/122146.304261:ERROR:ui/aura/env.cc:257] The platform failed to initialize.  Exiting.\n  - [pid=5641] <gracefully close start>\n  - [pid=5641] <kill>\n  - [pid=5641] <will force kill>\n  - [pid=5641] <process did exit: exitCode=1, signal=null>\n  - [pid=5641] starting temporary directories cleanup\n  - [pid=5641] finished temporary directories cleanup\n  - [pid=5641] <gracefully close end>\n\n","statusTrace":"  File \"/opt/hostedtoolcache/Python/3.11.14/x64/lib/python3.11/site-packages/pluggy/_callers.py\", line 38, in run_old_style_hookwrapper\n    res = yield\n          ^^^^^\n  File \"/opt/hostedtoolcache/Python/3.11.14/x64/lib/python3.11/site-packages/pluggy/_callers.py\", line 139, in _multicall\n    teardown.throw(exception)\n  File \"/opt/hostedtoolcache/Python/3.11.14/x64/lib/python3.11/site-packages/pytest_asyncio/plugin.py\", line 728, in pytest_fixture_setup\n    return (yield)\n            ^^^^^\n  File \"/opt/hostedtoolcache/Python/3.11.14/x64/lib/python3.11/site-packages/pluggy/_callers.py\", line 139, in _multicall\n    teardown.throw(exception)\n  File \"/opt/hostedtoolcache/Python/3.11.14/x64/lib/python3.11/site-packages/_pytest/setuponly.py\", line 36, in pytest_fixture_setup\n    return (yield)\n            ^^^^^\n  File \"/opt/hostedtoolcache/Python/3.11.14/x64/lib/python3.11/site-packages/pluggy/_callers.py\", line 121, in _multicall\n    res = hook_impl.function(*args)\n          ^^^^^^^^^^^^^^^^^^^^^^^^^\n  File \"/opt/hostedtoolcache/Python/3.11.14/x64/lib/python3.11/site-packages/_pytest/fixtures.py\", line 1202, in pytest_fixture_setup\n    result = call_fixture_func(fixturefunc, request, kwargs)\n             ^^^^^^^^^^^^^^^^^^^^^^^^^^^^^^^^^^^^^^^^^^^^^^^\n  File \"/opt/hostedtoolcache/Python/3.11.14/x64/lib/python3.11/site-packages/_pytest/fixtures.py\", line 908, in call_fixture_func\n    fixture_result = next(generator)\n                     ^^^^^^^^^^^^^^^\n  File \"/home/runner/work/container-balancer-test-automation/container-balancer-test-automation/container-balancer-test-automation/tests/conftest.py\", line 78, in browser_page\n    browser = getattr(playwright_instance, browser_name).launch(headless=False)\n              ^^^^^^^^^^^^^^^^^^^^^^^^^^^^^^^^^^^^^^^^^^^^^^^^^^^^^^^^^^^^^^^^^\n  File \"/opt/hostedtoolcache/Python/3.11.14/x64/lib/python3.11/site-packages/playwright/sync_api/_generated.py\", line 14568, in launch\n    self._sync(\n  File \"/opt/hostedtoolcache/Python/3.11.14/x64/lib/python3.11/site-packages/playwright/_impl/_sync_base.py\", line 115, in _sync\n    return task.result()\n           ^^^^^^^^^^^^^\n  File \"/opt/hostedtoolcache/Python/3.11.14/x64/lib/python3.11/site-packages/playwright/_impl/_browser_type.py\", line 98, in launch\n    await self._channel.send(\n  File \"/opt/hostedtoolcache/Python/3.11.14/x64/lib/python3.11/site-packages/playwright/_impl/_connection.py\", line 69, in send\n    return await self._connection.wrap_api_call(\n           ^^^^^^^^^^^^^^^^^^^^^^^^^^^^^^^^^^^^^\n  File \"/opt/hostedtoolcache/Python/3.11.14/x64/lib/python3.11/site-packages/playwright/_impl/_connection.py\", line 559, in wrap_api_call\n    raise rewrite_error(error, f\"{parsed_st['apiName']}: {error}\") from None\n","steps":[],"attachments":[],"parameters":[],"shouldDisplayMessage":true,"stepsCount":0,"attachmentsCount":0,"hasContent":true,"attachmentStep":false}],"afterStages":[{"name":"playwright_instance::0","time":{"start":1770294106643,"stop":1770294106651,"duration":8},"status":"passed","steps":[],"attachments":[],"parameters":[],"shouldDisplayMessage":false,"stepsCount":0,"attachmentsCount":0,"hasContent":false,"attachmentStep":false}],"labels":[{"name":"parentSuite","value":"tests.ui.tests"},{"name":"suite","value":"test_port_setup"},{"name":"host","value":"runnervmkj6or"},{"name":"thread","value":"5522-MainThread"},{"name":"framework","value":"pytest"},{"name":"language","value":"cpython3"},{"name":"package","value":"tests.ui.tests.test_port_setup"},{"name":"resultFormat","value":"allure2"}],"parameters":[],"links":[],"hidden":false,"retry":false,"extra":{"severity":"normal","retries":[],"categories":[{"name":"Test defects","matchedStatuses":[],"flaky":false}],"history":{"statistic":{"failed":26,"broken":6,"skipped":0,"passed":0,"unknown":0,"total":32},"items":[{"uid":"aea22c66158d654b","reportUrl":"https://ynp-me.github.io/container-balancer-test-automation/allure-report//#testresult/aea22c66158d654b","status":"broken","statusDetails":"playwright._impl._errors.Error: It looks like you are using Playwright Sync API inside the asyncio loop.\nPlease use the Async API instead.","time":{"start":1770252345321,"stop":1770252345321,"duration":0}},{"uid":"76e56ec09ce90e17","reportUrl":"https://ynp-me.github.io/container-balancer-test-automation/allure-report//#testresult/76e56ec09ce90e17","status":"broken","statusDetails":"playwright._impl._errors.Error: It looks like you are using Playwright Sync API inside the asyncio loop.\nPlease use the Async API instead.","time":{"start":1770251795575,"stop":1770251795575,"duration":0}},{"uid":"a6c6b978a95f230b","reportUrl":"https://ynp-me.github.io/container-balancer-test-automation/allure-report//#testresult/a6c6b978a95f230b","status":"broken","statusDetails":"playwright._impl._errors.Error: It looks like you are using Playwright Sync API inside the asyncio loop.\nPlease use the Async API instead.","time":{"start":1770249509510,"stop":1770249509510,"duration":0}},{"uid":"6281f05269dd8be8","reportUrl":"https://ynp-me.github.io/container-balancer-test-automation/allure-report//#testresult/6281f05269dd8be8","status":"broken","statusDetails":"playwright._impl._errors.Error: It looks like you are using Playwright Sync API inside the asyncio loop.\nPlease use the Async API instead.","time":{"start":1770248193420,"stop":1770248193420,"duration":0}},{"uid":"c4d98e891b2260ce","reportUrl":"https://ynp-me.github.io/container-balancer-test-automation/allure-report//#testresult/c4d98e891b2260ce","status":"failed","statusDetails":"AssertionError: Locator expected to be visible\nActual value: None\nError: element(s) not found \nCall log:\n  - Expect \"to_be_visible\" with timeout 20000ms\n  - waiting for locator(\"input[type='number'][inputmode='decimal']\").first","time":{"start":1770230907210,"stop":1770230927212,"duration":20002}},{"uid":"257fab84f3c72ff1","reportUrl":"https://ynp-me.github.io/container-balancer-test-automation/allure-report//#testresult/257fab84f3c72ff1","status":"failed","statusDetails":"AssertionError: Locator expected to be visible\nActual value: None\nError: element(s) not found \nCall log:\n  - Expect \"to_be_visible\" with timeout 20000ms\n  - waiting for locator(\"input[type='number'][inputmode='decimal']\").first","time":{"start":1770228977189,"stop":1770228997191,"duration":20002}},{"uid":"a07d50d807d444ac","reportUrl":"https://ynp-me.github.io/container-balancer-test-automation/allure-report//#testresult/a07d50d807d444ac","status":"failed","statusDetails":"AssertionError: Locator expected to be visible\nActual value: None\nError: element(s) not found \nCall log:\n  - Expect \"to_be_visible\" with timeout 5000ms\n  - waiting for locator(\"input[type='number'][inputmode='decimal']\").first","time":{"start":1770225336275,"stop":1770225344277,"duration":8002}},{"uid":"d98a4eec6cc7f322","reportUrl":"https://ynp-me.github.io/container-balancer-test-automation/allure-report//#testresult/d98a4eec6cc7f322","status":"failed","statusDetails":"AssertionError: Locator expected to be visible\nActual value: None\nError: element(s) not found \nCall log:\n  - Expect \"to_be_visible\" with timeout 5000ms\n  - waiting for locator(\"input[type='number'][inputmode='decimal']\").first","time":{"start":1770223032198,"stop":1770223037200,"duration":5002}},{"uid":"5d5422e7150c9f84","reportUrl":"https://ynp-me.github.io/container-balancer-test-automation/allure-report//#testresult/5d5422e7150c9f84","status":"failed","statusDetails":"AssertionError: Locator expected to be visible\nActual value: None\nError: element(s) not found \nCall log:\n  - Expect \"to_be_visible\" with timeout 5000ms\n  - waiting for locator(\"input[type='number'][inputmode='decimal']\").first","time":{"start":1770216787847,"stop":1770216792848,"duration":5001}},{"uid":"a7a4ebc05428e75e","reportUrl":"https://ynp-me.github.io/container-balancer-test-automation/allure-report//#testresult/a7a4ebc05428e75e","status":"failed","statusDetails":"AssertionError: Locator expected to be visible\nActual value: None\nError: element(s) not found \nCall log:\n  - Expect \"to_be_visible\" with timeout 5000ms\n  - waiting for locator(\"input[type='number'][inputmode='decimal']\").first","time":{"start":1770216509851,"stop":1770216514853,"duration":5002}},{"uid":"24382effee5a3c4f","reportUrl":"https://ynp-me.github.io/container-balancer-test-automation/allure-report//#testresult/24382effee5a3c4f","status":"failed","statusDetails":"AssertionError: Locator expected to be visible\nActual value: None\nError: element(s) not found \nCall log:\n  - Expect \"to_be_visible\" with timeout 5000ms\n  - waiting for locator(\"input[type='number'][inputmode='decimal']\").first","time":{"start":1770215577497,"stop":1770215582499,"duration":5002}},{"uid":"54288c9e0ea9a1b4","reportUrl":"https://ynp-me.github.io/container-balancer-test-automation/allure-report//#testresult/54288c9e0ea9a1b4","status":"failed","statusDetails":"AssertionError: Locator expected to be visible\nActual value: None\nError: element(s) not found \nCall log:\n  - Expect \"to_be_visible\" with timeout 5000ms\n  - waiting for locator(\"input[type='number'][inputmode='decimal']\").first","time":{"start":1770214894008,"stop":1770214899011,"duration":5003}},{"uid":"50adcc0a5bb4848b","reportUrl":"https://ynp-me.github.io/container-balancer-test-automation/allure-report//#testresult/50adcc0a5bb4848b","status":"failed","statusDetails":"AssertionError: Locator expected to be visible\nActual value: None\nError: element(s) not found \nCall log:\n  - Expect \"to_be_visible\" with timeout 5000ms\n  - waiting for locator(\"input[type='number'][inputmode='decimal']\").first","time":{"start":1770214722264,"stop":1770214727267,"duration":5003}},{"uid":"ade6895189b9f0cf","reportUrl":"https://ynp-me.github.io/container-balancer-test-automation/allure-report//#testresult/ade6895189b9f0cf","status":"failed","statusDetails":"AssertionError: Locator expected to be visible\nActual value: None\nError: element(s) not found \nCall log:\n  - Expect \"to_be_visible\" with timeout 5000ms\n  - waiting for locator(\"input[type='number'][inputmode='decimal']\").first","time":{"start":1770214055250,"stop":1770214060251,"duration":5001}},{"uid":"f3d4e3b80e233e1","reportUrl":"https://ynp-me.github.io/container-balancer-test-automation/allure-report//#testresult/f3d4e3b80e233e1","status":"failed","statusDetails":"AssertionError: Locator expected to be visible\nActual value: None\nError: element(s) not found \nCall log:\n  - Expect \"to_be_visible\" with timeout 5000ms\n  - waiting for locator(\"input[type='number'][inputmode='decimal']\").first","time":{"start":1770213090775,"stop":1770213095776,"duration":5001}},{"uid":"919ee711874daa38","reportUrl":"https://ynp-me.github.io/container-balancer-test-automation/allure-report//#testresult/919ee711874daa38","status":"failed","statusDetails":"AssertionError: Locator expected to be visible\nActual value: None\nError: element(s) not found \nCall log:\n  - Expect \"to_be_visible\" with timeout 5000ms\n  - waiting for locator(\"input[type='number'][inputmode='decimal']\").first","time":{"start":1770212468114,"stop":1770212473116,"duration":5002}},{"uid":"8e0b790d59b0bb42","reportUrl":"https://ynp-me.github.io/container-balancer-test-automation/allure-report//#testresult/8e0b790d59b0bb42","status":"failed","statusDetails":"AssertionError: Locator expected to be visible\nActual value: None\nError: element(s) not found \nCall log:\n  - Expect \"to_be_visible\" with timeout 5000ms\n  - waiting for locator(\"input[type='number'][inputmode='decimal']\").first","time":{"start":1770211276734,"stop":1770211281736,"duration":5002}},{"uid":"4a06fec99f3756f1","reportUrl":"https://ynp-me.github.io/container-balancer-test-automation/allure-report//#testresult/4a06fec99f3756f1","status":"failed","statusDetails":"AssertionError: Locator expected to be visible\nActual value: None\nError: element(s) not found \nCall log:\n  - Expect \"to_be_visible\" with timeout 5000ms\n  - waiting for locator(\"input[type='number'][inputmode='decimal']\").first","time":{"start":1770210619398,"stop":1770210624400,"duration":5002}},{"uid":"eb14c98814fe489f","reportUrl":"https://ynp-me.github.io/container-balancer-test-automation/allure-report//#testresult/eb14c98814fe489f","status":"failed","statusDetails":"AssertionError: Locator expected to be visible\nActual value: None\nError: element(s) not found \nCall log:\n  - Expect \"to_be_visible\" with timeout 5000ms\n  - waiting for locator(\"input[type='number'][inputmode='decimal']\").first","time":{"start":1770210371260,"stop":1770210376262,"duration":5002}},{"uid":"3a75d62557c70b4c","reportUrl":"https://ynp-me.github.io/container-balancer-test-automation/allure-report//#testresult/3a75d62557c70b4c","status":"failed","statusDetails":"AssertionError: Locator expected to be visible\nActual value: None\nError: element(s) not found \nCall log:\n  - Expect \"to_be_visible\" with timeout 5000ms\n  - waiting for locator(\"input[type='number'][inputmode='decimal']\").first","time":{"start":1770209938474,"stop":1770209943476,"duration":5002}}]},"tags":[]},"source":"570f11382a1d2d07.json","parameterValues":[]}